<?xml version="1.0" encoding="UTF-8"?>
<testng-results skipped="0" failed="0" ignored="0" total="1" passed="1">
  <reporter-output>
  </reporter-output>
  <suite name="Default suite" duration-ms="75" started-at="2021-07-10T21:41:30Z" finished-at="2021-07-10T21:41:30Z">
    <groups>
    </groups>
    <test name="Default test" duration-ms="75" started-at="2021-07-10T21:41:30Z" finished-at="2021-07-10T21:41:30Z">
      <class name="dataProviderExcel.Hello">
        <test-method status="PASS" signature="m1()[pri:0, instance:dataProviderExcel.Hello@457e2f02]" name="m1" duration-ms="24" started-at="2021-07-11T03:11:30Z" finished-at="2021-07-11T03:11:30Z">
          <reporter-output>
          </reporter-output>
        </test-method> <!-- m1 -->
      </class> <!-- dataProviderExcel.Hello -->
    </test> <!-- Default test -->
  </suite> <!-- Default suite -->
</testng-results>
